  ACR78V_API.cpp
C:\Users\nbonanno\Desktop\ACR78V_API\ACR78V_API\PositionersAPI.h(35,19): warning C4305: 'initializing': truncation from 'double' to 'float'
C:\Users\nbonanno\Desktop\ACR78V_API\ACR78V_API\PositionersAPI.h(39,47): warning C4267: 'argument': conversion from 'size_t' to 'int', possible loss of data
C:\Users\nbonanno\Desktop\ACR78V_API\ACR78V_API\PositionersAPI.h(50,47): warning C4267: 'argument': conversion from 'size_t' to 'int', possible loss of data
C:\Users\nbonanno\Desktop\ACR78V_API\ACR78V_API\PositionersAPI.h(109,13): warning C4267: 'initializing': conversion from 'size_t' to 'int', possible loss of data
C:\Users\nbonanno\Desktop\ACR78V_API\ACR78V_API\PositionersAPI.h(112,24): warning C4267: '=': conversion from 'size_t' to 'int', possible loss of data
C:\Users\nbonanno\Desktop\ACR78V_API\ACR78V_API\PositionersAPI.h(197,20): warning C4244: '=': conversion from 'double' to 'float', possible loss of data
C:\Users\nbonanno\Desktop\ACR78V_API\ACR78V_API\PositionersAPI.h(199,16): warning C4244: '=': conversion from 'double' to 'float', possible loss of data
C:\Users\nbonanno\Desktop\ACR78V_API\ACR78V_API\PositionersAPI.h(203,20): warning C4244: '=': conversion from 'double' to 'float', possible loss of data
C:\Users\nbonanno\Desktop\ACR78V_API\ACR78V_API\PositionersAPI.h(205,16): warning C4244: '=': conversion from 'double' to 'float', possible loss of data
C:\Users\nbonanno\Desktop\ACR78V_API\ACR78V_API\PositionersAPI.h(207,79): warning C4244: 'argument': conversion from 'double' to 'float', possible loss of data
C:\Users\nbonanno\Desktop\ACR78V_API\ACR78V_API\PositionersAPI.h(207,46): warning C4244: 'argument': conversion from 'double' to 'float', possible loss of data
C:\Users\nbonanno\Desktop\ACR78V_API\ACR78V_API\PositionersAPI.h(315,20): warning C4244: 'argument': conversion from 'float' to 'DWORD', possible loss of data
C:\Users\nbonanno\Desktop\ACR78V_API\ACR78V_API\PositionersAPI.h(324,17): warning C4244: 'argument': conversion from 'float' to 'DWORD', possible loss of data
C:\Users\nbonanno\Desktop\ACR78V_API\ACR78V_API\PositionersAPI.h(356,14): warning C4244: 'initializing': conversion from 'double' to 'float', possible loss of data
C:\Users\nbonanno\Desktop\ACR78V_API\ACR78V_API\PositionersAPI.h(357,14): warning C4244: 'initializing': conversion from 'double' to 'float', possible loss of data
C:\Users\nbonanno\Desktop\ACR78V_API\ACR78V_API\PositionersAPI.h(359,25): warning C4244: 'initializing': conversion from 'double' to 'float', possible loss of data
C:\Users\nbonanno\Desktop\ACR78V_API\ACR78V_API\PositionersAPI.h(363,55): warning C4244: 'return': conversion from 'double' to 'float', possible loss of data
C:\Users\nbonanno\Desktop\ACR78V_API\ACR78V_API\PositionersAPI.h(375,14): warning C4244: 'initializing': conversion from 'double' to 'float', possible loss of data
C:\Users\nbonanno\Desktop\ACR78V_API\ACR78V_API\PositionersAPI.h(376,14): warning C4244: 'initializing': conversion from 'double' to 'float', possible loss of data
C:\Users\nbonanno\Desktop\ACR78V_API\ACR78V_API\PositionersAPI.h(378,25): warning C4244: 'initializing': conversion from 'double' to 'float', possible loss of data
C:\Users\nbonanno\Desktop\ACR78V_API\ACR78V_API\PositionersAPI.h(382,55): warning C4244: 'return': conversion from 'double' to 'float', possible loss of data
C:\Users\nbonanno\Desktop\ACR78V_API\ACR78V_API\PositionersAPI.h(421,17): warning C4244: 'initializing': conversion from 'double' to 'float', possible loss of data
C:\Users\nbonanno\Desktop\ACR78V_API\ACR78V_API\PositionersAPI.h(422,17): warning C4244: 'initializing': conversion from 'double' to 'float', possible loss of data
C:\Users\nbonanno\Desktop\ACR78V_API\ACR78V_API\PositionersAPI.h(439,16): warning C4244: 'argument': conversion from 'float' to 'DWORD', possible loss of data
  ACR78V_API.vcxproj -> C:\Users\nbonanno\Desktop\ACR78V_API\x64\Debug\ACR78V_API.exe
